<?xml version="1.0" encoding="UTF-8"?>
<testsuite xmlns:xsi="http://www.w3.org/2001/XMLSchema-instance" xsi:noNamespaceSchemaLocation="https://maven.apache.org/surefire/maven-surefire-plugin/xsd/surefire-test-report.xsd" version="3.0.2" name="uk.ac.ed.acp.cw2.unit.QueryDroneHelperMatchesTests" time="0.034" tests="10" errors="0" skipped="0" failures="0">
  <properties>
[...]
</properties>
  <testcase name="name_caseInsensitiveMatch_returnsTrue" classname="uk.ac.ed.acp.cw2.unit.QueryDroneHelperMatchesTests" time="0.005"/>
  <testcase name="capacity_equal_returnsTrue" classname="uk.ac.ed.acp.cw2.unit.QueryDroneHelperMatchesTests" time="0.002"/>
  <testcase name="cooling_falseMismatch_returnsFalse" classname="uk.ac.ed.acp.cw2.unit.QueryDroneHelperMatchesTests" time="0.002"/>
  <testcase name="cooling_trueMatch_returnsTrue" classname="uk.ac.ed.acp.cw2.unit.QueryDroneHelperMatchesTests" time="0.002"/>
  <testcase name="capacity_notEqual_returnsFalse" classname="uk.ac.ed.acp.cw2.unit.QueryDroneHelperMatchesTests" time="0.002"/>
  <testcase name="unknownAttribute_returnsFalse" classname="uk.ac.ed.acp.cw2.unit.QueryDroneHelperMatchesTests" time="0.001"/>
  <testcase name="heating_weirdStringParsesFalse_returnsFalse" classname="uk.ac.ed.acp.cw2.unit.QueryDroneHelperMatchesTests" time="0.002"/>
  <testcase name="id_notEqual_returnsFalse" classname="uk.ac.ed.acp.cw2.unit.QueryDroneHelperMatchesTests" time="0.001"/>
  <testcase name="costInitial_parseError_returnsFalse" classname="uk.ac.ed.acp.cw2.unit.QueryDroneHelperMatchesTests" time="0.002"/>
  <testcase name="id_equal_returnsTrue" classname="uk.ac.ed.acp.cw2.unit.QueryDroneHelperMatchesTests" time="0.002"/>
</testsuite>